(cursor.initialBlinkMsg) {
}
(tea.WindowSizeMsg) {
 Width: (int) 131,
 Height: (int) 30
}
(cursor.BlinkMsg) {
 id: (int) 0,
 tag: (int) 2
}
(cursor.BlinkMsg) {
 id: (int) 0,
 tag: (int) 3
}
(cursor.BlinkMsg) {
 id: (int) 0,
 tag: (int) 4
}
(tea.KeyMsg) down
(cursor.BlinkMsg) {
 id: (int) 0,
 tag: (int) 5
}
(tea.KeyMsg) down
(tea.KeyMsg) up
(tea.KeyMsg) up
(tea.KeyMsg) up
(cursor.BlinkMsg) {
 id: (int) 0,
 tag: (int) 6
}
(tea.KeyMsg) up
(tea.KeyMsg) down
(tea.KeyMsg) down
(cursor.BlinkMsg) {
 id: (int) 0,
 tag: (int) 7
}
(cursor.BlinkMsg) {
 id: (int) 0,
 tag: (int) 8
}
(cursor.BlinkMsg) {
 id: (int) 0,
 tag: (int) 9
}
(cursor.BlinkMsg) {
 id: (int) 0,
 tag: (int) 10
}
(cursor.BlinkMsg) {
 id: (int) 0,
 tag: (int) 11
}
(cursor.BlinkMsg) {
 id: (int) 0,
 tag: (int) 12
}
(cursor.BlinkMsg) {
 id: (int) 0,
 tag: (int) 13
}
(cursor.BlinkMsg) {
 id: (int) 0,
 tag: (int) 14
}
(cursor.BlinkMsg) {
 id: (int) 0,
 tag: (int) 15
}
(cursor.BlinkMsg) {
 id: (int) 0,
 tag: (int) 16
}
(cursor.BlinkMsg) {
 id: (int) 0,
 tag: (int) 17
}
(cursor.BlinkMsg) {
 id: (int) 0,
 tag: (int) 18
}
(cursor.BlinkMsg) {
 id: (int) 0,
 tag: (int) 19
}
(cursor.BlinkMsg) {
 id: (int) 0,
 tag: (int) 20
}
(cursor.BlinkMsg) {
 id: (int) 0,
 tag: (int) 21
}
(cursor.BlinkMsg) {
 id: (int) 0,
 tag: (int) 22
}
(cursor.BlinkMsg) {
 id: (int) 0,
 tag: (int) 23
}
(cursor.BlinkMsg) {
 id: (int) 0,
 tag: (int) 24
}
(cursor.BlinkMsg) {
 id: (int) 0,
 tag: (int) 25
}
(cursor.BlinkMsg) {
 id: (int) 0,
 tag: (int) 26
}
(cursor.BlinkMsg) {
 id: (int) 0,
 tag: (int) 27
}
(cursor.BlinkMsg) {
 id: (int) 0,
 tag: (int) 28
}
(cursor.BlinkMsg) {
 id: (int) 0,
 tag: (int) 29
}
(cursor.BlinkMsg) {
 id: (int) 0,
 tag: (int) 30
}
(cursor.BlinkMsg) {
 id: (int) 0,
 tag: (int) 31
}
(cursor.BlinkMsg) {
 id: (int) 0,
 tag: (int) 32
}
(cursor.BlinkMsg) {
 id: (int) 0,
 tag: (int) 33
}
(cursor.BlinkMsg) {
 id: (int) 0,
 tag: (int) 34
}
(cursor.BlinkMsg) {
 id: (int) 0,
 tag: (int) 35
}
(cursor.BlinkMsg) {
 id: (int) 0,
 tag: (int) 36
}
(cursor.BlinkMsg) {
 id: (int) 0,
 tag: (int) 37
}
(cursor.BlinkMsg) {
 id: (int) 0,
 tag: (int) 38
}
(cursor.BlinkMsg) {
 id: (int) 0,
 tag: (int) 39
}
(cursor.BlinkMsg) {
 id: (int) 0,
 tag: (int) 40
}
(cursor.BlinkMsg) {
 id: (int) 0,
 tag: (int) 41
}
(cursor.BlinkMsg) {
 id: (int) 0,
 tag: (int) 42
}
(cursor.BlinkMsg) {
 id: (int) 0,
 tag: (int) 43
}
(cursor.BlinkMsg) {
 id: (int) 0,
 tag: (int) 44
}
(cursor.BlinkMsg) {
 id: (int) 0,
 tag: (int) 45
}
(cursor.BlinkMsg) {
 id: (int) 0,
 tag: (int) 46
}
(cursor.BlinkMsg) {
 id: (int) 0,
 tag: (int) 47
}
(cursor.BlinkMsg) {
 id: (int) 0,
 tag: (int) 48
}
(cursor.BlinkMsg) {
 id: (int) 0,
 tag: (int) 49
}
(cursor.BlinkMsg) {
 id: (int) 0,
 tag: (int) 50
}
(cursor.BlinkMsg) {
 id: (int) 0,
 tag: (int) 51
}
(cursor.BlinkMsg) {
 id: (int) 0,
 tag: (int) 52
}
(cursor.BlinkMsg) {
 id: (int) 0,
 tag: (int) 53
}
(cursor.BlinkMsg) {
 id: (int) 0,
 tag: (int) 54
}
(cursor.BlinkMsg) {
 id: (int) 0,
 tag: (int) 55
}
(cursor.BlinkMsg) {
 id: (int) 0,
 tag: (int) 56
}
(cursor.BlinkMsg) {
 id: (int) 0,
 tag: (int) 57
}
(cursor.BlinkMsg) {
 id: (int) 0,
 tag: (int) 58
}
(cursor.BlinkMsg) {
 id: (int) 0,
 tag: (int) 59
}
(cursor.BlinkMsg) {
 id: (int) 0,
 tag: (int) 60
}
(cursor.BlinkMsg) {
 id: (int) 0,
 tag: (int) 61
}
(cursor.BlinkMsg) {
 id: (int) 0,
 tag: (int) 62
}
(cursor.BlinkMsg) {
 id: (int) 0,
 tag: (int) 63
}
(cursor.BlinkMsg) {
 id: (int) 0,
 tag: (int) 64
}
(cursor.BlinkMsg) {
 id: (int) 0,
 tag: (int) 65
}
(cursor.BlinkMsg) {
 id: (int) 0,
 tag: (int) 66
}
(cursor.BlinkMsg) {
 id: (int) 0,
 tag: (int) 67
}
(cursor.BlinkMsg) {
 id: (int) 0,
 tag: (int) 68
}
(cursor.BlinkMsg) {
 id: (int) 0,
 tag: (int) 69
}
(cursor.BlinkMsg) {
 id: (int) 0,
 tag: (int) 70
}
(cursor.BlinkMsg) {
 id: (int) 0,
 tag: (int) 71
}
(cursor.BlinkMsg) {
 id: (int) 0,
 tag: (int) 72
}
(cursor.BlinkMsg) {
 id: (int) 0,
 tag: (int) 73
}
(cursor.BlinkMsg) {
 id: (int) 0,
 tag: (int) 74
}
(cursor.BlinkMsg) {
 id: (int) 0,
 tag: (int) 75
}
(cursor.BlinkMsg) {
 id: (int) 0,
 tag: (int) 76
}
(cursor.BlinkMsg) {
 id: (int) 0,
 tag: (int) 77
}
(cursor.BlinkMsg) {
 id: (int) 0,
 tag: (int) 78
}
(cursor.BlinkMsg) {
 id: (int) 0,
 tag: (int) 79
}
(cursor.BlinkMsg) {
 id: (int) 0,
 tag: (int) 80
}
(cursor.BlinkMsg) {
 id: (int) 0,
 tag: (int) 81
}
(cursor.BlinkMsg) {
 id: (int) 0,
 tag: (int) 82
}
(cursor.BlinkMsg) {
 id: (int) 0,
 tag: (int) 83
}
(cursor.BlinkMsg) {
 id: (int) 0,
 tag: (int) 84
}
(cursor.BlinkMsg) {
 id: (int) 0,
 tag: (int) 85
}
(cursor.BlinkMsg) {
 id: (int) 0,
 tag: (int) 86
}
(cursor.BlinkMsg) {
 id: (int) 0,
 tag: (int) 87
}
(cursor.BlinkMsg) {
 id: (int) 0,
 tag: (int) 88
}
(cursor.BlinkMsg) {
 id: (int) 0,
 tag: (int) 89
}
(cursor.BlinkMsg) {
 id: (int) 0,
 tag: (int) 90
}
(cursor.BlinkMsg) {
 id: (int) 0,
 tag: (int) 91
}
(cursor.BlinkMsg) {
 id: (int) 0,
 tag: (int) 92
}
(cursor.BlinkMsg) {
 id: (int) 0,
 tag: (int) 93
}
(cursor.BlinkMsg) {
 id: (int) 0,
 tag: (int) 94
}
(cursor.BlinkMsg) {
 id: (int) 0,
 tag: (int) 95
}
(cursor.BlinkMsg) {
 id: (int) 0,
 tag: (int) 96
}
(cursor.BlinkMsg) {
 id: (int) 0,
 tag: (int) 97
}
(cursor.BlinkMsg) {
 id: (int) 0,
 tag: (int) 98
}
(cursor.BlinkMsg) {
 id: (int) 0,
 tag: (int) 99
}
(cursor.BlinkMsg) {
 id: (int) 0,
 tag: (int) 100
}
(cursor.BlinkMsg) {
 id: (int) 0,
 tag: (int) 101
}
(cursor.BlinkMsg) {
 id: (int) 0,
 tag: (int) 102
}
(cursor.BlinkMsg) {
 id: (int) 0,
 tag: (int) 103
}
(cursor.BlinkMsg) {
 id: (int) 0,
 tag: (int) 104
}
(cursor.BlinkMsg) {
 id: (int) 0,
 tag: (int) 105
}
(cursor.BlinkMsg) {
 id: (int) 0,
 tag: (int) 106
}
(cursor.BlinkMsg) {
 id: (int) 0,
 tag: (int) 107
}
(cursor.BlinkMsg) {
 id: (int) 0,
 tag: (int) 108
}
(cursor.BlinkMsg) {
 id: (int) 0,
 tag: (int) 109
}
(cursor.BlinkMsg) {
 id: (int) 0,
 tag: (int) 110
}
(cursor.BlinkMsg) {
 id: (int) 0,
 tag: (int) 111
}
(cursor.BlinkMsg) {
 id: (int) 0,
 tag: (int) 112
}
(cursor.BlinkMsg) {
 id: (int) 0,
 tag: (int) 113
}
(cursor.BlinkMsg) {
 id: (int) 0,
 tag: (int) 114
}
(cursor.BlinkMsg) {
 id: (int) 0,
 tag: (int) 115
}
(cursor.BlinkMsg) {
 id: (int) 0,
 tag: (int) 116
}
(cursor.BlinkMsg) {
 id: (int) 0,
 tag: (int) 117
}
(cursor.BlinkMsg) {
 id: (int) 0,
 tag: (int) 118
}
(cursor.BlinkMsg) {
 id: (int) 0,
 tag: (int) 119
}
(cursor.BlinkMsg) {
 id: (int) 0,
 tag: (int) 120
}
(cursor.BlinkMsg) {
 id: (int) 0,
 tag: (int) 121
}
(cursor.BlinkMsg) {
 id: (int) 0,
 tag: (int) 122
}
(cursor.BlinkMsg) {
 id: (int) 0,
 tag: (int) 123
}
(cursor.BlinkMsg) {
 id: (int) 0,
 tag: (int) 124
}
(cursor.BlinkMsg) {
 id: (int) 0,
 tag: (int) 125
}
(cursor.BlinkMsg) {
 id: (int) 0,
 tag: (int) 126
}
(cursor.BlinkMsg) {
 id: (int) 0,
 tag: (int) 127
}
(cursor.BlinkMsg) {
 id: (int) 0,
 tag: (int) 128
}
(cursor.BlinkMsg) {
 id: (int) 0,
 tag: (int) 129
}
(cursor.BlinkMsg) {
 id: (int) 0,
 tag: (int) 130
}
(cursor.BlinkMsg) {
 id: (int) 0,
 tag: (int) 131
}
(cursor.BlinkMsg) {
 id: (int) 0,
 tag: (int) 132
}
(cursor.BlinkMsg) {
 id: (int) 0,
 tag: (int) 133
}
(cursor.BlinkMsg) {
 id: (int) 0,
 tag: (int) 134
}
(cursor.BlinkMsg) {
 id: (int) 0,
 tag: (int) 135
}
(cursor.BlinkMsg) {
 id: (int) 0,
 tag: (int) 136
}
(cursor.BlinkMsg) {
 id: (int) 0,
 tag: (int) 137
}
(cursor.BlinkMsg) {
 id: (int) 0,
 tag: (int) 138
}
(cursor.BlinkMsg) {
 id: (int) 0,
 tag: (int) 139
}
(cursor.BlinkMsg) {
 id: (int) 0,
 tag: (int) 140
}
(cursor.BlinkMsg) {
 id: (int) 0,
 tag: (int) 141
}
(cursor.BlinkMsg) {
 id: (int) 0,
 tag: (int) 142
}
(cursor.BlinkMsg) {
 id: (int) 0,
 tag: (int) 143
}
(cursor.BlinkMsg) {
 id: (int) 0,
 tag: (int) 144
}
(cursor.BlinkMsg) {
 id: (int) 0,
 tag: (int) 145
}
(cursor.BlinkMsg) {
 id: (int) 0,
 tag: (int) 146
}
(cursor.BlinkMsg) {
 id: (int) 0,
 tag: (int) 147
}
(cursor.BlinkMsg) {
 id: (int) 0,
 tag: (int) 148
}
(cursor.BlinkMsg) {
 id: (int) 0,
 tag: (int) 149
}
(cursor.BlinkMsg) {
 id: (int) 0,
 tag: (int) 150
}
(cursor.BlinkMsg) {
 id: (int) 0,
 tag: (int) 151
}
(cursor.BlinkMsg) {
 id: (int) 0,
 tag: (int) 152
}
(cursor.BlinkMsg) {
 id: (int) 0,
 tag: (int) 153
}
(cursor.BlinkMsg) {
 id: (int) 0,
 tag: (int) 154
}
(cursor.BlinkMsg) {
 id: (int) 0,
 tag: (int) 155
}
(cursor.BlinkMsg) {
 id: (int) 0,
 tag: (int) 156
}
(cursor.BlinkMsg) {
 id: (int) 0,
 tag: (int) 157
}
(cursor.BlinkMsg) {
 id: (int) 0,
 tag: (int) 158
}
(cursor.BlinkMsg) {
 id: (int) 0,
 tag: (int) 159
}
(cursor.BlinkMsg) {
 id: (int) 0,
 tag: (int) 160
}
(cursor.BlinkMsg) {
 id: (int) 0,
 tag: (int) 161
}
(cursor.BlinkMsg) {
 id: (int) 0,
 tag: (int) 162
}
(cursor.BlinkMsg) {
 id: (int) 0,
 tag: (int) 163
}
(cursor.BlinkMsg) {
 id: (int) 0,
 tag: (int) 164
}
(cursor.BlinkMsg) {
 id: (int) 0,
 tag: (int) 165
}
(cursor.BlinkMsg) {
 id: (int) 0,
 tag: (int) 166
}
(cursor.BlinkMsg) {
 id: (int) 0,
 tag: (int) 167
}
(cursor.BlinkMsg) {
 id: (int) 0,
 tag: (int) 168
}
(cursor.BlinkMsg) {
 id: (int) 0,
 tag: (int) 169
}
(cursor.BlinkMsg) {
 id: (int) 0,
 tag: (int) 170
}
(cursor.BlinkMsg) {
 id: (int) 0,
 tag: (int) 171
}
(cursor.BlinkMsg) {
 id: (int) 0,
 tag: (int) 172
}
(cursor.BlinkMsg) {
 id: (int) 0,
 tag: (int) 173
}
(cursor.BlinkMsg) {
 id: (int) 0,
 tag: (int) 174
}
(cursor.BlinkMsg) {
 id: (int) 0,
 tag: (int) 175
}
(cursor.BlinkMsg) {
 id: (int) 0,
 tag: (int) 176
}
(cursor.BlinkMsg) {
 id: (int) 0,
 tag: (int) 177
}
(cursor.BlinkMsg) {
 id: (int) 0,
 tag: (int) 178
}
(cursor.BlinkMsg) {
 id: (int) 0,
 tag: (int) 179
}
(cursor.BlinkMsg) {
 id: (int) 0,
 tag: (int) 180
}
(cursor.BlinkMsg) {
 id: (int) 0,
 tag: (int) 181
}
(cursor.BlinkMsg) {
 id: (int) 0,
 tag: (int) 182
}
(cursor.BlinkMsg) {
 id: (int) 0,
 tag: (int) 183
}
(cursor.BlinkMsg) {
 id: (int) 0,
 tag: (int) 184
}
(cursor.BlinkMsg) {
 id: (int) 0,
 tag: (int) 185
}
(cursor.BlinkMsg) {
 id: (int) 0,
 tag: (int) 186
}
(cursor.BlinkMsg) {
 id: (int) 0,
 tag: (int) 187
}
(cursor.BlinkMsg) {
 id: (int) 0,
 tag: (int) 188
}
(cursor.BlinkMsg) {
 id: (int) 0,
 tag: (int) 189
}
(cursor.BlinkMsg) {
 id: (int) 0,
 tag: (int) 190
}
(cursor.BlinkMsg) {
 id: (int) 0,
 tag: (int) 191
}
(cursor.BlinkMsg) {
 id: (int) 0,
 tag: (int) 192
}
(cursor.BlinkMsg) {
 id: (int) 0,
 tag: (int) 193
}
(cursor.BlinkMsg) {
 id: (int) 0,
 tag: (int) 194
}
(cursor.BlinkMsg) {
 id: (int) 0,
 tag: (int) 195
}
(cursor.BlinkMsg) {
 id: (int) 0,
 tag: (int) 196
}
(cursor.BlinkMsg) {
 id: (int) 0,
 tag: (int) 197
}
(cursor.BlinkMsg) {
 id: (int) 0,
 tag: (int) 198
}
(cursor.BlinkMsg) {
 id: (int) 0,
 tag: (int) 199
}
(cursor.BlinkMsg) {
 id: (int) 0,
 tag: (int) 200
}
(cursor.BlinkMsg) {
 id: (int) 0,
 tag: (int) 201
}
(cursor.BlinkMsg) {
 id: (int) 0,
 tag: (int) 202
}
(cursor.BlinkMsg) {
 id: (int) 0,
 tag: (int) 203
}
(cursor.BlinkMsg) {
 id: (int) 0,
 tag: (int) 204
}
(cursor.BlinkMsg) {
 id: (int) 0,
 tag: (int) 205
}
(cursor.BlinkMsg) {
 id: (int) 0,
 tag: (int) 206
}
(cursor.BlinkMsg) {
 id: (int) 0,
 tag: (int) 207
}
(cursor.BlinkMsg) {
 id: (int) 0,
 tag: (int) 208
}
(cursor.BlinkMsg) {
 id: (int) 0,
 tag: (int) 209
}
(cursor.BlinkMsg) {
 id: (int) 0,
 tag: (int) 210
}
(cursor.BlinkMsg) {
 id: (int) 0,
 tag: (int) 211
}
(cursor.BlinkMsg) {
 id: (int) 0,
 tag: (int) 212
}
(cursor.BlinkMsg) {
 id: (int) 0,
 tag: (int) 213
}
(cursor.BlinkMsg) {
 id: (int) 0,
 tag: (int) 214
}
(cursor.BlinkMsg) {
 id: (int) 0,
 tag: (int) 215
}
(cursor.BlinkMsg) {
 id: (int) 0,
 tag: (int) 216
}
(cursor.BlinkMsg) {
 id: (int) 0,
 tag: (int) 217
}
(cursor.BlinkMsg) {
 id: (int) 0,
 tag: (int) 218
}
(cursor.BlinkMsg) {
 id: (int) 0,
 tag: (int) 219
}
(cursor.BlinkMsg) {
 id: (int) 0,
 tag: (int) 220
}
(cursor.BlinkMsg) {
 id: (int) 0,
 tag: (int) 221
}
(cursor.BlinkMsg) {
 id: (int) 0,
 tag: (int) 222
}
(cursor.BlinkMsg) {
 id: (int) 0,
 tag: (int) 223
}
(cursor.BlinkMsg) {
 id: (int) 0,
 tag: (int) 224
}
(cursor.BlinkMsg) {
 id: (int) 0,
 tag: (int) 225
}
(cursor.BlinkMsg) {
 id: (int) 0,
 tag: (int) 226
}
(cursor.BlinkMsg) {
 id: (int) 0,
 tag: (int) 227
}
(cursor.BlinkMsg) {
 id: (int) 0,
 tag: (int) 228
}
(cursor.BlinkMsg) {
 id: (int) 0,
 tag: (int) 229
}
(cursor.BlinkMsg) {
 id: (int) 0,
 tag: (int) 230
}
(cursor.BlinkMsg) {
 id: (int) 0,
 tag: (int) 231
}
(cursor.BlinkMsg) {
 id: (int) 0,
 tag: (int) 232
}
(cursor.BlinkMsg) {
 id: (int) 0,
 tag: (int) 233
}
(cursor.BlinkMsg) {
 id: (int) 0,
 tag: (int) 234
}
(cursor.BlinkMsg) {
 id: (int) 0,
 tag: (int) 235
}
(cursor.BlinkMsg) {
 id: (int) 0,
 tag: (int) 236
}
(cursor.BlinkMsg) {
 id: (int) 0,
 tag: (int) 237
}
(cursor.BlinkMsg) {
 id: (int) 0,
 tag: (int) 238
}
(cursor.BlinkMsg) {
 id: (int) 0,
 tag: (int) 239
}
(cursor.BlinkMsg) {
 id: (int) 0,
 tag: (int) 240
}
(cursor.BlinkMsg) {
 id: (int) 0,
 tag: (int) 241
}
(cursor.BlinkMsg) {
 id: (int) 0,
 tag: (int) 242
}
(cursor.BlinkMsg) {
 id: (int) 0,
 tag: (int) 243
}
(cursor.BlinkMsg) {
 id: (int) 0,
 tag: (int) 244
}
(cursor.BlinkMsg) {
 id: (int) 0,
 tag: (int) 245
}
(cursor.BlinkMsg) {
 id: (int) 0,
 tag: (int) 246
}
(cursor.BlinkMsg) {
 id: (int) 0,
 tag: (int) 247
}
(cursor.BlinkMsg) {
 id: (int) 0,
 tag: (int) 248
}
(cursor.BlinkMsg) {
 id: (int) 0,
 tag: (int) 249
}
(cursor.BlinkMsg) {
 id: (int) 0,
 tag: (int) 250
}
(cursor.BlinkMsg) {
 id: (int) 0,
 tag: (int) 251
}
(cursor.BlinkMsg) {
 id: (int) 0,
 tag: (int) 252
}
(cursor.BlinkMsg) {
 id: (int) 0,
 tag: (int) 253
}
(cursor.BlinkMsg) {
 id: (int) 0,
 tag: (int) 254
}
(cursor.BlinkMsg) {
 id: (int) 0,
 tag: (int) 255
}
(cursor.BlinkMsg) {
 id: (int) 0,
 tag: (int) 256
}
(cursor.BlinkMsg) {
 id: (int) 0,
 tag: (int) 257
}
(cursor.BlinkMsg) {
 id: (int) 0,
 tag: (int) 258
}
(cursor.BlinkMsg) {
 id: (int) 0,
 tag: (int) 259
}
(cursor.BlinkMsg) {
 id: (int) 0,
 tag: (int) 260
}
(cursor.BlinkMsg) {
 id: (int) 0,
 tag: (int) 261
}
(cursor.BlinkMsg) {
 id: (int) 0,
 tag: (int) 262
}
(cursor.BlinkMsg) {
 id: (int) 0,
 tag: (int) 263
}
(cursor.BlinkMsg) {
 id: (int) 0,
 tag: (int) 264
}
(cursor.BlinkMsg) {
 id: (int) 0,
 tag: (int) 265
}
(cursor.BlinkMsg) {
 id: (int) 0,
 tag: (int) 266
}
(cursor.BlinkMsg) {
 id: (int) 0,
 tag: (int) 267
}
(cursor.BlinkMsg) {
 id: (int) 0,
 tag: (int) 268
}
(cursor.BlinkMsg) {
 id: (int) 0,
 tag: (int) 269
}
(cursor.BlinkMsg) {
 id: (int) 0,
 tag: (int) 270
}
(cursor.BlinkMsg) {
 id: (int) 0,
 tag: (int) 271
}
(cursor.BlinkMsg) {
 id: (int) 0,
 tag: (int) 272
}
(cursor.BlinkMsg) {
 id: (int) 0,
 tag: (int) 273
}
(cursor.BlinkMsg) {
 id: (int) 0,
 tag: (int) 274
}
(cursor.BlinkMsg) {
 id: (int) 0,
 tag: (int) 275
}
(cursor.BlinkMsg) {
 id: (int) 0,
 tag: (int) 276
}
(cursor.BlinkMsg) {
 id: (int) 0,
 tag: (int) 277
}
(cursor.BlinkMsg) {
 id: (int) 0,
 tag: (int) 278
}
(cursor.BlinkMsg) {
 id: (int) 0,
 tag: (int) 279
}
(cursor.BlinkMsg) {
 id: (int) 0,
 tag: (int) 280
}
(cursor.BlinkMsg) {
 id: (int) 0,
 tag: (int) 281
}
(cursor.BlinkMsg) {
 id: (int) 0,
 tag: (int) 282
}
(cursor.BlinkMsg) {
 id: (int) 0,
 tag: (int) 283
}
(cursor.BlinkMsg) {
 id: (int) 0,
 tag: (int) 284
}
(cursor.BlinkMsg) {
 id: (int) 0,
 tag: (int) 285
}
(cursor.BlinkMsg) {
 id: (int) 0,
 tag: (int) 286
}
(cursor.BlinkMsg) {
 id: (int) 0,
 tag: (int) 287
}
(cursor.BlinkMsg) {
 id: (int) 0,
 tag: (int) 288
}
(cursor.BlinkMsg) {
 id: (int) 0,
 tag: (int) 289
}
(cursor.BlinkMsg) {
 id: (int) 0,
 tag: (int) 290
}
(cursor.BlinkMsg) {
 id: (int) 0,
 tag: (int) 291
}
(cursor.BlinkMsg) {
 id: (int) 0,
 tag: (int) 292
}
(cursor.BlinkMsg) {
 id: (int) 0,
 tag: (int) 293
}
(cursor.BlinkMsg) {
 id: (int) 0,
 tag: (int) 294
}
(cursor.BlinkMsg) {
 id: (int) 0,
 tag: (int) 295
}
(cursor.BlinkMsg) {
 id: (int) 0,
 tag: (int) 296
}
(cursor.BlinkMsg) {
 id: (int) 0,
 tag: (int) 297
}
(cursor.BlinkMsg) {
 id: (int) 0,
 tag: (int) 298
}
(cursor.BlinkMsg) {
 id: (int) 0,
 tag: (int) 299
}
(cursor.BlinkMsg) {
 id: (int) 0,
 tag: (int) 300
}
(cursor.BlinkMsg) {
 id: (int) 0,
 tag: (int) 301
}
(cursor.BlinkMsg) {
 id: (int) 0,
 tag: (int) 302
}
(cursor.BlinkMsg) {
 id: (int) 0,
 tag: (int) 303
}
(cursor.BlinkMsg) {
 id: (int) 0,
 tag: (int) 304
}
(cursor.BlinkMsg) {
 id: (int) 0,
 tag: (int) 305
}
(cursor.BlinkMsg) {
 id: (int) 0,
 tag: (int) 306
}
(cursor.BlinkMsg) {
 id: (int) 0,
 tag: (int) 307
}
(cursor.BlinkMsg) {
 id: (int) 0,
 tag: (int) 308
}
(cursor.BlinkMsg) {
 id: (int) 0,
 tag: (int) 309
}
(cursor.BlinkMsg) {
 id: (int) 0,
 tag: (int) 310
}
(cursor.BlinkMsg) {
 id: (int) 0,
 tag: (int) 311
}
(cursor.BlinkMsg) {
 id: (int) 0,
 tag: (int) 312
}
(cursor.BlinkMsg) {
 id: (int) 0,
 tag: (int) 313
}
(cursor.BlinkMsg) {
 id: (int) 0,
 tag: (int) 314
}
(cursor.BlinkMsg) {
 id: (int) 0,
 tag: (int) 315
}
(cursor.BlinkMsg) {
 id: (int) 0,
 tag: (int) 316
}
(cursor.BlinkMsg) {
 id: (int) 0,
 tag: (int) 317
}
(cursor.BlinkMsg) {
 id: (int) 0,
 tag: (int) 318
}
(cursor.BlinkMsg) {
 id: (int) 0,
 tag: (int) 319
}
(cursor.BlinkMsg) {
 id: (int) 0,
 tag: (int) 320
}
(cursor.BlinkMsg) {
 id: (int) 0,
 tag: (int) 321
}
(cursor.BlinkMsg) {
 id: (int) 0,
 tag: (int) 322
}
(cursor.BlinkMsg) {
 id: (int) 0,
 tag: (int) 323
}
(cursor.BlinkMsg) {
 id: (int) 0,
 tag: (int) 324
}
(cursor.BlinkMsg) {
 id: (int) 0,
 tag: (int) 325
}
(cursor.BlinkMsg) {
 id: (int) 0,
 tag: (int) 326
}
(cursor.BlinkMsg) {
 id: (int) 0,
 tag: (int) 327
}
(cursor.BlinkMsg) {
 id: (int) 0,
 tag: (int) 328
}
(cursor.BlinkMsg) {
 id: (int) 0,
 tag: (int) 329
}
(cursor.BlinkMsg) {
 id: (int) 0,
 tag: (int) 330
}
(cursor.BlinkMsg) {
 id: (int) 0,
 tag: (int) 331
}
(cursor.BlinkMsg) {
 id: (int) 0,
 tag: (int) 332
}
(cursor.BlinkMsg) {
 id: (int) 0,
 tag: (int) 333
}
(cursor.BlinkMsg) {
 id: (int) 0,
 tag: (int) 334
}
(cursor.BlinkMsg) {
 id: (int) 0,
 tag: (int) 335
}
(cursor.BlinkMsg) {
 id: (int) 0,
 tag: (int) 336
}
(cursor.BlinkMsg) {
 id: (int) 0,
 tag: (int) 337
}
(cursor.BlinkMsg) {
 id: (int) 0,
 tag: (int) 338
}
(cursor.BlinkMsg) {
 id: (int) 0,
 tag: (int) 339
}
(cursor.BlinkMsg) {
 id: (int) 0,
 tag: (int) 340
}
(cursor.BlinkMsg) {
 id: (int) 0,
 tag: (int) 341
}
(cursor.BlinkMsg) {
 id: (int) 0,
 tag: (int) 342
}
(cursor.BlinkMsg) {
 id: (int) 0,
 tag: (int) 343
}
(cursor.BlinkMsg) {
 id: (int) 0,
 tag: (int) 344
}
(cursor.BlinkMsg) {
 id: (int) 0,
 tag: (int) 345
}
(cursor.BlinkMsg) {
 id: (int) 0,
 tag: (int) 346
}
(cursor.BlinkMsg) {
 id: (int) 0,
 tag: (int) 347
}
(cursor.BlinkMsg) {
 id: (int) 0,
 tag: (int) 348
}
(cursor.BlinkMsg) {
 id: (int) 0,
 tag: (int) 349
}
(cursor.BlinkMsg) {
 id: (int) 0,
 tag: (int) 350
}
(cursor.BlinkMsg) {
 id: (int) 0,
 tag: (int) 351
}
(cursor.BlinkMsg) {
 id: (int) 0,
 tag: (int) 352
}
(cursor.BlinkMsg) {
 id: (int) 0,
 tag: (int) 353
}
(cursor.BlinkMsg) {
 id: (int) 0,
 tag: (int) 354
}
(cursor.BlinkMsg) {
 id: (int) 0,
 tag: (int) 355
}
(cursor.BlinkMsg) {
 id: (int) 0,
 tag: (int) 356
}
(cursor.BlinkMsg) {
 id: (int) 0,
 tag: (int) 357
}
(cursor.BlinkMsg) {
 id: (int) 0,
 tag: (int) 358
}
(cursor.BlinkMsg) {
 id: (int) 0,
 tag: (int) 359
}
(cursor.BlinkMsg) {
 id: (int) 0,
 tag: (int) 360
}
(cursor.BlinkMsg) {
 id: (int) 0,
 tag: (int) 361
}
(cursor.BlinkMsg) {
 id: (int) 0,
 tag: (int) 362
}
(cursor.BlinkMsg) {
 id: (int) 0,
 tag: (int) 363
}
(cursor.BlinkMsg) {
 id: (int) 0,
 tag: (int) 364
}
(cursor.BlinkMsg) {
 id: (int) 0,
 tag: (int) 365
}
(cursor.BlinkMsg) {
 id: (int) 0,
 tag: (int) 366
}
(cursor.BlinkMsg) {
 id: (int) 0,
 tag: (int) 367
}
(cursor.BlinkMsg) {
 id: (int) 0,
 tag: (int) 368
}
(cursor.BlinkMsg) {
 id: (int) 0,
 tag: (int) 369
}
(cursor.BlinkMsg) {
 id: (int) 0,
 tag: (int) 370
}
(cursor.BlinkMsg) {
 id: (int) 0,
 tag: (int) 371
}
(cursor.BlinkMsg) {
 id: (int) 0,
 tag: (int) 372
}
(cursor.BlinkMsg) {
 id: (int) 0,
 tag: (int) 373
}
(cursor.BlinkMsg) {
 id: (int) 0,
 tag: (int) 374
}
(cursor.BlinkMsg) {
 id: (int) 0,
 tag: (int) 375
}
(cursor.BlinkMsg) {
 id: (int) 0,
 tag: (int) 376
}
(cursor.BlinkMsg) {
 id: (int) 0,
 tag: (int) 377
}
(cursor.BlinkMsg) {
 id: (int) 0,
 tag: (int) 378
}
(cursor.BlinkMsg) {
 id: (int) 0,
 tag: (int) 379
}
(cursor.BlinkMsg) {
 id: (int) 0,
 tag: (int) 380
}
(cursor.BlinkMsg) {
 id: (int) 0,
 tag: (int) 381
}
(cursor.BlinkMsg) {
 id: (int) 0,
 tag: (int) 382
}
(cursor.BlinkMsg) {
 id: (int) 0,
 tag: (int) 383
}
(cursor.BlinkMsg) {
 id: (int) 0,
 tag: (int) 384
}
(cursor.BlinkMsg) {
 id: (int) 0,
 tag: (int) 385
}
(cursor.BlinkMsg) {
 id: (int) 0,
 tag: (int) 386
}
(cursor.BlinkMsg) {
 id: (int) 0,
 tag: (int) 387
}
(cursor.BlinkMsg) {
 id: (int) 0,
 tag: (int) 388
}
(cursor.BlinkMsg) {
 id: (int) 0,
 tag: (int) 389
}
(cursor.BlinkMsg) {
 id: (int) 0,
 tag: (int) 390
}
(cursor.BlinkMsg) {
 id: (int) 0,
 tag: (int) 391
}
(cursor.BlinkMsg) {
 id: (int) 0,
 tag: (int) 392
}
(cursor.BlinkMsg) {
 id: (int) 0,
 tag: (int) 393
}
(cursor.BlinkMsg) {
 id: (int) 0,
 tag: (int) 394
}
(cursor.BlinkMsg) {
 id: (int) 0,
 tag: (int) 395
}
(cursor.BlinkMsg) {
 id: (int) 0,
 tag: (int) 396
}
(cursor.BlinkMsg) {
 id: (int) 0,
 tag: (int) 397
}
(cursor.BlinkMsg) {
 id: (int) 0,
 tag: (int) 398
}
(cursor.BlinkMsg) {
 id: (int) 0,
 tag: (int) 399
}
(cursor.BlinkMsg) {
 id: (int) 0,
 tag: (int) 400
}
(cursor.BlinkMsg) {
 id: (int) 0,
 tag: (int) 401
}
(cursor.BlinkMsg) {
 id: (int) 0,
 tag: (int) 402
}
(cursor.BlinkMsg) {
 id: (int) 0,
 tag: (int) 403
}
(cursor.BlinkMsg) {
 id: (int) 0,
 tag: (int) 404
}
(cursor.BlinkMsg) {
 id: (int) 0,
 tag: (int) 405
}
(cursor.BlinkMsg) {
 id: (int) 0,
 tag: (int) 406
}
(cursor.BlinkMsg) {
 id: (int) 0,
 tag: (int) 407
}
(cursor.BlinkMsg) {
 id: (int) 0,
 tag: (int) 408
}
(cursor.BlinkMsg) {
 id: (int) 0,
 tag: (int) 409
}
(cursor.BlinkMsg) {
 id: (int) 0,
 tag: (int) 410
}
(cursor.BlinkMsg) {
 id: (int) 0,
 tag: (int) 411
}
(cursor.BlinkMsg) {
 id: (int) 0,
 tag: (int) 412
}
(cursor.BlinkMsg) {
 id: (int) 0,
 tag: (int) 413
}
(cursor.BlinkMsg) {
 id: (int) 0,
 tag: (int) 414
}
(cursor.BlinkMsg) {
 id: (int) 0,
 tag: (int) 415
}
(cursor.BlinkMsg) {
 id: (int) 0,
 tag: (int) 416
}
(cursor.BlinkMsg) {
 id: (int) 0,
 tag: (int) 417
}
(cursor.BlinkMsg) {
 id: (int) 0,
 tag: (int) 418
}
(cursor.BlinkMsg) {
 id: (int) 0,
 tag: (int) 419
}
(cursor.BlinkMsg) {
 id: (int) 0,
 tag: (int) 420
}
(cursor.BlinkMsg) {
 id: (int) 0,
 tag: (int) 421
}
(cursor.BlinkMsg) {
 id: (int) 0,
 tag: (int) 422
}
(cursor.BlinkMsg) {
 id: (int) 0,
 tag: (int) 423
}
(cursor.BlinkMsg) {
 id: (int) 0,
 tag: (int) 424
}
(cursor.BlinkMsg) {
 id: (int) 0,
 tag: (int) 425
}
(cursor.BlinkMsg) {
 id: (int) 0,
 tag: (int) 426
}
(cursor.BlinkMsg) {
 id: (int) 0,
 tag: (int) 427
}
(cursor.BlinkMsg) {
 id: (int) 0,
 tag: (int) 428
}
(cursor.BlinkMsg) {
 id: (int) 0,
 tag: (int) 429
}
(cursor.BlinkMsg) {
 id: (int) 0,
 tag: (int) 430
}
(cursor.BlinkMsg) {
 id: (int) 0,
 tag: (int) 431
}
(cursor.BlinkMsg) {
 id: (int) 0,
 tag: (int) 432
}
(cursor.BlinkMsg) {
 id: (int) 0,
 tag: (int) 433
}
(cursor.BlinkMsg) {
 id: (int) 0,
 tag: (int) 434
}
(cursor.BlinkMsg) {
 id: (int) 0,
 tag: (int) 435
}
(cursor.BlinkMsg) {
 id: (int) 0,
 tag: (int) 436
}
(cursor.BlinkMsg) {
 id: (int) 0,
 tag: (int) 437
}
(cursor.BlinkMsg) {
 id: (int) 0,
 tag: (int) 438
}
(cursor.BlinkMsg) {
 id: (int) 0,
 tag: (int) 439
}
(cursor.BlinkMsg) {
 id: (int) 0,
 tag: (int) 440
}
(cursor.BlinkMsg) {
 id: (int) 0,
 tag: (int) 441
}
(cursor.BlinkMsg) {
 id: (int) 0,
 tag: (int) 442
}
(cursor.BlinkMsg) {
 id: (int) 0,
 tag: (int) 443
}
(cursor.BlinkMsg) {
 id: (int) 0,
 tag: (int) 444
}
(cursor.BlinkMsg) {
 id: (int) 0,
 tag: (int) 445
}
(cursor.BlinkMsg) {
 id: (int) 0,
 tag: (int) 446
}
(cursor.BlinkMsg) {
 id: (int) 0,
 tag: (int) 447
}
(cursor.BlinkMsg) {
 id: (int) 0,
 tag: (int) 448
}
(cursor.BlinkMsg) {
 id: (int) 0,
 tag: (int) 449
}
(cursor.BlinkMsg) {
 id: (int) 0,
 tag: (int) 450
}
(cursor.BlinkMsg) {
 id: (int) 0,
 tag: (int) 451
}
(cursor.BlinkMsg) {
 id: (int) 0,
 tag: (int) 452
}
(cursor.BlinkMsg) {
 id: (int) 0,
 tag: (int) 453
}
(cursor.BlinkMsg) {
 id: (int) 0,
 tag: (int) 454
}
(cursor.BlinkMsg) {
 id: (int) 0,
 tag: (int) 455
}
(cursor.BlinkMsg) {
 id: (int) 0,
 tag: (int) 456
}
(cursor.BlinkMsg) {
 id: (int) 0,
 tag: (int) 457
}
(cursor.BlinkMsg) {
 id: (int) 0,
 tag: (int) 458
}
(cursor.BlinkMsg) {
 id: (int) 0,
 tag: (int) 459
}
(cursor.BlinkMsg) {
 id: (int) 0,
 tag: (int) 460
}
(cursor.BlinkMsg) {
 id: (int) 0,
 tag: (int) 461
}
(cursor.BlinkMsg) {
 id: (int) 0,
 tag: (int) 462
}
(cursor.BlinkMsg) {
 id: (int) 0,
 tag: (int) 463
}
(cursor.BlinkMsg) {
 id: (int) 0,
 tag: (int) 464
}
(cursor.BlinkMsg) {
 id: (int) 0,
 tag: (int) 465
}
(cursor.BlinkMsg) {
 id: (int) 0,
 tag: (int) 466
}
(cursor.BlinkMsg) {
 id: (int) 0,
 tag: (int) 467
}
(cursor.BlinkMsg) {
 id: (int) 0,
 tag: (int) 468
}
(cursor.BlinkMsg) {
 id: (int) 0,
 tag: (int) 469
}
(cursor.BlinkMsg) {
 id: (int) 0,
 tag: (int) 470
}
(cursor.BlinkMsg) {
 id: (int) 0,
 tag: (int) 471
}
(cursor.BlinkMsg) {
 id: (int) 0,
 tag: (int) 472
}
(cursor.BlinkMsg) {
 id: (int) 0,
 tag: (int) 473
}
(cursor.BlinkMsg) {
 id: (int) 0,
 tag: (int) 474
}
(cursor.BlinkMsg) {
 id: (int) 0,
 tag: (int) 475
}
(cursor.BlinkMsg) {
 id: (int) 0,
 tag: (int) 476
}
(cursor.BlinkMsg) {
 id: (int) 0,
 tag: (int) 477
}
(cursor.BlinkMsg) {
 id: (int) 0,
 tag: (int) 478
}
(cursor.BlinkMsg) {
 id: (int) 0,
 tag: (int) 479
}
(cursor.BlinkMsg) {
 id: (int) 0,
 tag: (int) 480
}
(cursor.BlinkMsg) {
 id: (int) 0,
 tag: (int) 481
}
(cursor.BlinkMsg) {
 id: (int) 0,
 tag: (int) 482
}
(cursor.BlinkMsg) {
 id: (int) 0,
 tag: (int) 483
}
(cursor.BlinkMsg) {
 id: (int) 0,
 tag: (int) 484
}
(cursor.BlinkMsg) {
 id: (int) 0,
 tag: (int) 485
}
(cursor.BlinkMsg) {
 id: (int) 0,
 tag: (int) 486
}
(cursor.BlinkMsg) {
 id: (int) 0,
 tag: (int) 487
}
(cursor.BlinkMsg) {
 id: (int) 0,
 tag: (int) 488
}
(cursor.BlinkMsg) {
 id: (int) 0,
 tag: (int) 489
}
(cursor.BlinkMsg) {
 id: (int) 0,
 tag: (int) 490
}
(cursor.BlinkMsg) {
 id: (int) 0,
 tag: (int) 491
}
(cursor.BlinkMsg) {
 id: (int) 0,
 tag: (int) 492
}
(cursor.BlinkMsg) {
 id: (int) 0,
 tag: (int) 493
}
(cursor.BlinkMsg) {
 id: (int) 0,
 tag: (int) 494
}
(cursor.BlinkMsg) {
 id: (int) 0,
 tag: (int) 495
}
(cursor.BlinkMsg) {
 id: (int) 0,
 tag: (int) 496
}
(cursor.BlinkMsg) {
 id: (int) 0,
 tag: (int) 497
}
(cursor.BlinkMsg) {
 id: (int) 0,
 tag: (int) 498
}
(cursor.BlinkMsg) {
 id: (int) 0,
 tag: (int) 499
}
(cursor.BlinkMsg) {
 id: (int) 0,
 tag: (int) 500
}
(cursor.BlinkMsg) {
 id: (int) 0,
 tag: (int) 501
}
(cursor.BlinkMsg) {
 id: (int) 0,
 tag: (int) 502
}
(cursor.BlinkMsg) {
 id: (int) 0,
 tag: (int) 503
}
(cursor.BlinkMsg) {
 id: (int) 0,
 tag: (int) 504
}
(cursor.BlinkMsg) {
 id: (int) 0,
 tag: (int) 505
}
(cursor.BlinkMsg) {
 id: (int) 0,
 tag: (int) 506
}
(cursor.BlinkMsg) {
 id: (int) 0,
 tag: (int) 507
}
(cursor.BlinkMsg) {
 id: (int) 0,
 tag: (int) 508
}
(cursor.BlinkMsg) {
 id: (int) 0,
 tag: (int) 509
}
(cursor.BlinkMsg) {
 id: (int) 0,
 tag: (int) 510
}
(cursor.BlinkMsg) {
 id: (int) 0,
 tag: (int) 511
}
(cursor.BlinkMsg) {
 id: (int) 0,
 tag: (int) 512
}
(cursor.BlinkMsg) {
 id: (int) 0,
 tag: (int) 513
}
(cursor.BlinkMsg) {
 id: (int) 0,
 tag: (int) 514
}
(cursor.BlinkMsg) {
 id: (int) 0,
 tag: (int) 515
}
(cursor.BlinkMsg) {
 id: (int) 0,
 tag: (int) 516
}
(cursor.BlinkMsg) {
 id: (int) 0,
 tag: (int) 517
}
(cursor.BlinkMsg) {
 id: (int) 0,
 tag: (int) 518
}
(cursor.BlinkMsg) {
 id: (int) 0,
 tag: (int) 519
}
(cursor.BlinkMsg) {
 id: (int) 0,
 tag: (int) 520
}
(cursor.BlinkMsg) {
 id: (int) 0,
 tag: (int) 521
}
(cursor.BlinkMsg) {
 id: (int) 0,
 tag: (int) 522
}
(cursor.BlinkMsg) {
 id: (int) 0,
 tag: (int) 523
}
(cursor.BlinkMsg) {
 id: (int) 0,
 tag: (int) 524
}
(cursor.BlinkMsg) {
 id: (int) 0,
 tag: (int) 525
}
(cursor.BlinkMsg) {
 id: (int) 0,
 tag: (int) 526
}
(cursor.BlinkMsg) {
 id: (int) 0,
 tag: (int) 527
}
(cursor.BlinkMsg) {
 id: (int) 0,
 tag: (int) 528
}
(cursor.BlinkMsg) {
 id: (int) 0,
 tag: (int) 529
}
(cursor.BlinkMsg) {
 id: (int) 0,
 tag: (int) 530
}
(cursor.BlinkMsg) {
 id: (int) 0,
 tag: (int) 531
}
(cursor.BlinkMsg) {
 id: (int) 0,
 tag: (int) 532
}
(cursor.BlinkMsg) {
 id: (int) 0,
 tag: (int) 533
}
(cursor.BlinkMsg) {
 id: (int) 0,
 tag: (int) 534
}
(cursor.BlinkMsg) {
 id: (int) 0,
 tag: (int) 535
}
(cursor.BlinkMsg) {
 id: (int) 0,
 tag: (int) 536
}
(cursor.BlinkMsg) {
 id: (int) 0,
 tag: (int) 537
}
(cursor.BlinkMsg) {
 id: (int) 0,
 tag: (int) 538
}
(cursor.BlinkMsg) {
 id: (int) 0,
 tag: (int) 539
}
(cursor.BlinkMsg) {
 id: (int) 0,
 tag: (int) 540
}
(cursor.BlinkMsg) {
 id: (int) 0,
 tag: (int) 541
}
(cursor.BlinkMsg) {
 id: (int) 0,
 tag: (int) 542
}
(cursor.BlinkMsg) {
 id: (int) 0,
 tag: (int) 543
}
(cursor.BlinkMsg) {
 id: (int) 0,
 tag: (int) 544
}
(cursor.BlinkMsg) {
 id: (int) 0,
 tag: (int) 545
}
(cursor.BlinkMsg) {
 id: (int) 0,
 tag: (int) 546
}
(cursor.BlinkMsg) {
 id: (int) 0,
 tag: (int) 547
}
(cursor.BlinkMsg) {
 id: (int) 0,
 tag: (int) 548
}
(cursor.BlinkMsg) {
 id: (int) 0,
 tag: (int) 549
}
(cursor.BlinkMsg) {
 id: (int) 0,
 tag: (int) 550
}
(cursor.BlinkMsg) {
 id: (int) 0,
 tag: (int) 551
}
(cursor.BlinkMsg) {
 id: (int) 0,
 tag: (int) 552
}
(cursor.BlinkMsg) {
 id: (int) 0,
 tag: (int) 553
}
(cursor.BlinkMsg) {
 id: (int) 0,
 tag: (int) 554
}
(cursor.BlinkMsg) {
 id: (int) 0,
 tag: (int) 555
}
(cursor.BlinkMsg) {
 id: (int) 0,
 tag: (int) 556
}
(cursor.BlinkMsg) {
 id: (int) 0,
 tag: (int) 557
}
(cursor.BlinkMsg) {
 id: (int) 0,
 tag: (int) 558
}
(cursor.BlinkMsg) {
 id: (int) 0,
 tag: (int) 559
}
(cursor.BlinkMsg) {
 id: (int) 0,
 tag: (int) 560
}
(cursor.BlinkMsg) {
 id: (int) 0,
 tag: (int) 561
}
(cursor.BlinkMsg) {
 id: (int) 0,
 tag: (int) 562
}
(cursor.BlinkMsg) {
 id: (int) 0,
 tag: (int) 563
}
(cursor.BlinkMsg) {
 id: (int) 0,
 tag: (int) 564
}
(cursor.BlinkMsg) {
 id: (int) 0,
 tag: (int) 565
}
(cursor.BlinkMsg) {
 id: (int) 0,
 tag: (int) 566
}
(cursor.BlinkMsg) {
 id: (int) 0,
 tag: (int) 567
}
(cursor.BlinkMsg) {
 id: (int) 0,
 tag: (int) 568
}
(cursor.BlinkMsg) {
 id: (int) 0,
 tag: (int) 569
}
(cursor.BlinkMsg) {
 id: (int) 0,
 tag: (int) 570
}
(cursor.BlinkMsg) {
 id: (int) 0,
 tag: (int) 571
}
(cursor.BlinkMsg) {
 id: (int) 0,
 tag: (int) 572
}
(cursor.BlinkMsg) {
 id: (int) 0,
 tag: (int) 573
}
(cursor.BlinkMsg) {
 id: (int) 0,
 tag: (int) 574
}
(cursor.BlinkMsg) {
 id: (int) 0,
 tag: (int) 575
}
(cursor.BlinkMsg) {
 id: (int) 0,
 tag: (int) 576
}
(cursor.BlinkMsg) {
 id: (int) 0,
 tag: (int) 577
}
(cursor.BlinkMsg) {
 id: (int) 0,
 tag: (int) 578
}
(cursor.BlinkMsg) {
 id: (int) 0,
 tag: (int) 579
}
(cursor.BlinkMsg) {
 id: (int) 0,
 tag: (int) 580
}
(cursor.BlinkMsg) {
 id: (int) 0,
 tag: (int) 581
}
(cursor.BlinkMsg) {
 id: (int) 0,
 tag: (int) 582
}
(cursor.BlinkMsg) {
 id: (int) 0,
 tag: (int) 583
}
(cursor.BlinkMsg) {
 id: (int) 0,
 tag: (int) 584
}
(cursor.BlinkMsg) {
 id: (int) 0,
 tag: (int) 585
}
(cursor.BlinkMsg) {
 id: (int) 0,
 tag: (int) 586
}
(cursor.BlinkMsg) {
 id: (int) 0,
 tag: (int) 587
}
(cursor.BlinkMsg) {
 id: (int) 0,
 tag: (int) 588
}
(cursor.BlinkMsg) {
 id: (int) 0,
 tag: (int) 589
}
(cursor.BlinkMsg) {
 id: (int) 0,
 tag: (int) 590
}
(cursor.BlinkMsg) {
 id: (int) 0,
 tag: (int) 591
}
(cursor.BlinkMsg) {
 id: (int) 0,
 tag: (int) 592
}
(cursor.BlinkMsg) {
 id: (int) 0,
 tag: (int) 593
}
(cursor.BlinkMsg) {
 id: (int) 0,
 tag: (int) 594
}
(cursor.BlinkMsg) {
 id: (int) 0,
 tag: (int) 595
}
(cursor.BlinkMsg) {
 id: (int) 0,
 tag: (int) 596
}
(cursor.BlinkMsg) {
 id: (int) 0,
 tag: (int) 597
}
(cursor.BlinkMsg) {
 id: (int) 0,
 tag: (int) 598
}
(cursor.BlinkMsg) {
 id: (int) 0,
 tag: (int) 599
}
(cursor.BlinkMsg) {
 id: (int) 0,
 tag: (int) 600
}
(cursor.BlinkMsg) {
 id: (int) 0,
 tag: (int) 601
}
(cursor.BlinkMsg) {
 id: (int) 0,
 tag: (int) 602
}
(cursor.BlinkMsg) {
 id: (int) 0,
 tag: (int) 603
}
(cursor.BlinkMsg) {
 id: (int) 0,
 tag: (int) 604
}
(cursor.BlinkMsg) {
 id: (int) 0,
 tag: (int) 605
}
(cursor.BlinkMsg) {
 id: (int) 0,
 tag: (int) 606
}
(cursor.BlinkMsg) {
 id: (int) 0,
 tag: (int) 607
}
(cursor.BlinkMsg) {
 id: (int) 0,
 tag: (int) 608
}
(cursor.BlinkMsg) {
 id: (int) 0,
 tag: (int) 609
}
(cursor.BlinkMsg) {
 id: (int) 0,
 tag: (int) 610
}
(cursor.BlinkMsg) {
 id: (int) 0,
 tag: (int) 611
}
(cursor.BlinkMsg) {
 id: (int) 0,
 tag: (int) 612
}
(cursor.BlinkMsg) {
 id: (int) 0,
 tag: (int) 613
}
(cursor.BlinkMsg) {
 id: (int) 0,
 tag: (int) 614
}
(cursor.BlinkMsg) {
 id: (int) 0,
 tag: (int) 615
}
(cursor.BlinkMsg) {
 id: (int) 0,
 tag: (int) 616
}
(cursor.BlinkMsg) {
 id: (int) 0,
 tag: (int) 617
}
(cursor.BlinkMsg) {
 id: (int) 0,
 tag: (int) 618
}
(cursor.BlinkMsg) {
 id: (int) 0,
 tag: (int) 619
}
(cursor.BlinkMsg) {
 id: (int) 0,
 tag: (int) 620
}
(cursor.BlinkMsg) {
 id: (int) 0,
 tag: (int) 621
}
(cursor.BlinkMsg) {
 id: (int) 0,
 tag: (int) 622
}
(cursor.BlinkMsg) {
 id: (int) 0,
 tag: (int) 623
}
(cursor.BlinkMsg) {
 id: (int) 0,
 tag: (int) 624
}
(cursor.BlinkMsg) {
 id: (int) 0,
 tag: (int) 625
}
(cursor.BlinkMsg) {
 id: (int) 0,
 tag: (int) 626
}
(cursor.BlinkMsg) {
 id: (int) 0,
 tag: (int) 627
}
(cursor.BlinkMsg) {
 id: (int) 0,
 tag: (int) 628
}
(cursor.BlinkMsg) {
 id: (int) 0,
 tag: (int) 629
}
(cursor.BlinkMsg) {
 id: (int) 0,
 tag: (int) 630
}
(cursor.BlinkMsg) {
 id: (int) 0,
 tag: (int) 631
}
(cursor.BlinkMsg) {
 id: (int) 0,
 tag: (int) 632
}
(cursor.BlinkMsg) {
 id: (int) 0,
 tag: (int) 633
}
(cursor.BlinkMsg) {
 id: (int) 0,
 tag: (int) 634
}
(cursor.BlinkMsg) {
 id: (int) 0,
 tag: (int) 635
}
(cursor.BlinkMsg) {
 id: (int) 0,
 tag: (int) 636
}
(cursor.BlinkMsg) {
 id: (int) 0,
 tag: (int) 637
}
(cursor.BlinkMsg) {
 id: (int) 0,
 tag: (int) 638
}
(cursor.BlinkMsg) {
 id: (int) 0,
 tag: (int) 639
}
(cursor.BlinkMsg) {
 id: (int) 0,
 tag: (int) 640
}
(cursor.BlinkMsg) {
 id: (int) 0,
 tag: (int) 641
}
(cursor.BlinkMsg) {
 id: (int) 0,
 tag: (int) 642
}
(cursor.BlinkMsg) {
 id: (int) 0,
 tag: (int) 643
}
(cursor.BlinkMsg) {
 id: (int) 0,
 tag: (int) 644
}
(cursor.BlinkMsg) {
 id: (int) 0,
 tag: (int) 645
}
(cursor.BlinkMsg) {
 id: (int) 0,
 tag: (int) 646
}
(cursor.BlinkMsg) {
 id: (int) 0,
 tag: (int) 647
}
(cursor.BlinkMsg) {
 id: (int) 0,
 tag: (int) 648
}
(cursor.BlinkMsg) {
 id: (int) 0,
 tag: (int) 649
}
(cursor.BlinkMsg) {
 id: (int) 0,
 tag: (int) 650
}
(cursor.BlinkMsg) {
 id: (int) 0,
 tag: (int) 651
}
(cursor.BlinkMsg) {
 id: (int) 0,
 tag: (int) 652
}
(cursor.BlinkMsg) {
 id: (int) 0,
 tag: (int) 653
}
(cursor.BlinkMsg) {
 id: (int) 0,
 tag: (int) 654
}
(cursor.BlinkMsg) {
 id: (int) 0,
 tag: (int) 655
}
(cursor.BlinkMsg) {
 id: (int) 0,
 tag: (int) 656
}
(cursor.BlinkMsg) {
 id: (int) 0,
 tag: (int) 657
}
(cursor.BlinkMsg) {
 id: (int) 0,
 tag: (int) 658
}
(cursor.BlinkMsg) {
 id: (int) 0,
 tag: (int) 659
}
(cursor.BlinkMsg) {
 id: (int) 0,
 tag: (int) 660
}
(cursor.BlinkMsg) {
 id: (int) 0,
 tag: (int) 661
}
(cursor.BlinkMsg) {
 id: (int) 0,
 tag: (int) 662
}
(cursor.BlinkMsg) {
 id: (int) 0,
 tag: (int) 663
}
(cursor.BlinkMsg) {
 id: (int) 0,
 tag: (int) 664
}
(cursor.BlinkMsg) {
 id: (int) 0,
 tag: (int) 665
}
(cursor.BlinkMsg) {
 id: (int) 0,
 tag: (int) 666
}
(cursor.BlinkMsg) {
 id: (int) 0,
 tag: (int) 667
}
(cursor.BlinkMsg) {
 id: (int) 0,
 tag: (int) 668
}
(cursor.BlinkMsg) {
 id: (int) 0,
 tag: (int) 669
}
(cursor.BlinkMsg) {
 id: (int) 0,
 tag: (int) 670
}
(cursor.BlinkMsg) {
 id: (int) 0,
 tag: (int) 671
}
(cursor.BlinkMsg) {
 id: (int) 0,
 tag: (int) 672
}
(cursor.BlinkMsg) {
 id: (int) 0,
 tag: (int) 673
}
(cursor.BlinkMsg) {
 id: (int) 0,
 tag: (int) 674
}
(cursor.BlinkMsg) {
 id: (int) 0,
 tag: (int) 675
}
(cursor.BlinkMsg) {
 id: (int) 0,
 tag: (int) 676
}
(cursor.BlinkMsg) {
 id: (int) 0,
 tag: (int) 677
}
(cursor.BlinkMsg) {
 id: (int) 0,
 tag: (int) 678
}
(cursor.BlinkMsg) {
 id: (int) 0,
 tag: (int) 679
}
(cursor.BlinkMsg) {
 id: (int) 0,
 tag: (int) 680
}
(cursor.BlinkMsg) {
 id: (int) 0,
 tag: (int) 681
}
(cursor.BlinkMsg) {
 id: (int) 0,
 tag: (int) 682
}
(cursor.BlinkMsg) {
 id: (int) 0,
 tag: (int) 683
}
(cursor.BlinkMsg) {
 id: (int) 0,
 tag: (int) 684
}
(cursor.BlinkMsg) {
 id: (int) 0,
 tag: (int) 685
}
(cursor.BlinkMsg) {
 id: (int) 0,
 tag: (int) 686
}
(cursor.BlinkMsg) {
 id: (int) 0,
 tag: (int) 687
}
(cursor.BlinkMsg) {
 id: (int) 0,
 tag: (int) 688
}
(cursor.BlinkMsg) {
 id: (int) 0,
 tag: (int) 689
}
(cursor.BlinkMsg) {
 id: (int) 0,
 tag: (int) 690
}
(cursor.BlinkMsg) {
 id: (int) 0,
 tag: (int) 691
}
(cursor.BlinkMsg) {
 id: (int) 0,
 tag: (int) 692
}
(cursor.BlinkMsg) {
 id: (int) 0,
 tag: (int) 693
}
(cursor.BlinkMsg) {
 id: (int) 0,
 tag: (int) 694
}
(cursor.BlinkMsg) {
 id: (int) 0,
 tag: (int) 695
}
(cursor.BlinkMsg) {
 id: (int) 0,
 tag: (int) 696
}
(cursor.BlinkMsg) {
 id: (int) 0,
 tag: (int) 697
}
(cursor.BlinkMsg) {
 id: (int) 0,
 tag: (int) 698
}
(cursor.BlinkMsg) {
 id: (int) 0,
 tag: (int) 699
}
(cursor.BlinkMsg) {
 id: (int) 0,
 tag: (int) 700
}
(cursor.BlinkMsg) {
 id: (int) 0,
 tag: (int) 701
}
(cursor.BlinkMsg) {
 id: (int) 0,
 tag: (int) 702
}
(cursor.BlinkMsg) {
 id: (int) 0,
 tag: (int) 703
}
(cursor.BlinkMsg) {
 id: (int) 0,
 tag: (int) 704
}
(cursor.BlinkMsg) {
 id: (int) 0,
 tag: (int) 705
}
(cursor.BlinkMsg) {
 id: (int) 0,
 tag: (int) 706
}
(cursor.BlinkMsg) {
 id: (int) 0,
 tag: (int) 707
}
(cursor.BlinkMsg) {
 id: (int) 0,
 tag: (int) 708
}
(cursor.BlinkMsg) {
 id: (int) 0,
 tag: (int) 709
}
(cursor.BlinkMsg) {
 id: (int) 0,
 tag: (int) 710
}
(cursor.BlinkMsg) {
 id: (int) 0,
 tag: (int) 711
}
(cursor.BlinkMsg) {
 id: (int) 0,
 tag: (int) 712
}
(cursor.BlinkMsg) {
 id: (int) 0,
 tag: (int) 713
}
(cursor.BlinkMsg) {
 id: (int) 0,
 tag: (int) 714
}
(cursor.BlinkMsg) {
 id: (int) 0,
 tag: (int) 715
}
(cursor.BlinkMsg) {
 id: (int) 0,
 tag: (int) 716
}
(cursor.BlinkMsg) {
 id: (int) 0,
 tag: (int) 717
}
(cursor.BlinkMsg) {
 id: (int) 0,
 tag: (int) 718
}
(cursor.BlinkMsg) {
 id: (int) 0,
 tag: (int) 719
}
(cursor.BlinkMsg) {
 id: (int) 0,
 tag: (int) 720
}
(cursor.BlinkMsg) {
 id: (int) 0,
 tag: (int) 721
}
(cursor.BlinkMsg) {
 id: (int) 0,
 tag: (int) 722
}
(cursor.BlinkMsg) {
 id: (int) 0,
 tag: (int) 723
}
(cursor.BlinkMsg) {
 id: (int) 0,
 tag: (int) 724
}
(cursor.BlinkMsg) {
 id: (int) 0,
 tag: (int) 725
}
(cursor.BlinkMsg) {
 id: (int) 0,
 tag: (int) 726
}
(cursor.BlinkMsg) {
 id: (int) 0,
 tag: (int) 727
}
(cursor.BlinkMsg) {
 id: (int) 0,
 tag: (int) 728
}
(cursor.BlinkMsg) {
 id: (int) 0,
 tag: (int) 729
}
(cursor.BlinkMsg) {
 id: (int) 0,
 tag: (int) 730
}
(cursor.BlinkMsg) {
 id: (int) 0,
 tag: (int) 731
}
(cursor.BlinkMsg) {
 id: (int) 0,
 tag: (int) 732
}
(cursor.BlinkMsg) {
 id: (int) 0,
 tag: (int) 733
}
(cursor.BlinkMsg) {
 id: (int) 0,
 tag: (int) 734
}
(cursor.BlinkMsg) {
 id: (int) 0,
 tag: (int) 735
}
(cursor.BlinkMsg) {
 id: (int) 0,
 tag: (int) 736
}
(cursor.BlinkMsg) {
 id: (int) 0,
 tag: (int) 737
}
(cursor.BlinkMsg) {
 id: (int) 0,
 tag: (int) 738
}
(cursor.BlinkMsg) {
 id: (int) 0,
 tag: (int) 739
}
(cursor.BlinkMsg) {
 id: (int) 0,
 tag: (int) 740
}
(cursor.BlinkMsg) {
 id: (int) 0,
 tag: (int) 741
}
(cursor.BlinkMsg) {
 id: (int) 0,
 tag: (int) 742
}
(cursor.BlinkMsg) {
 id: (int) 0,
 tag: (int) 743
}
(cursor.BlinkMsg) {
 id: (int) 0,
 tag: (int) 744
}
(cursor.BlinkMsg) {
 id: (int) 0,
 tag: (int) 745
}
(cursor.BlinkMsg) {
 id: (int) 0,
 tag: (int) 746
}
(cursor.BlinkMsg) {
 id: (int) 0,
 tag: (int) 747
}
(cursor.BlinkMsg) {
 id: (int) 0,
 tag: (int) 748
}
(cursor.BlinkMsg) {
 id: (int) 0,
 tag: (int) 749
}
(cursor.BlinkMsg) {
 id: (int) 0,
 tag: (int) 750
}
(cursor.BlinkMsg) {
 id: (int) 0,
 tag: (int) 751
}
(cursor.BlinkMsg) {
 id: (int) 0,
 tag: (int) 752
}
(cursor.BlinkMsg) {
 id: (int) 0,
 tag: (int) 753
}
(cursor.BlinkMsg) {
 id: (int) 0,
 tag: (int) 754
}
(cursor.BlinkMsg) {
 id: (int) 0,
 tag: (int) 755
}
(cursor.BlinkMsg) {
 id: (int) 0,
 tag: (int) 756
}
(cursor.BlinkMsg) {
 id: (int) 0,
 tag: (int) 757
}
(cursor.BlinkMsg) {
 id: (int) 0,
 tag: (int) 758
}
(cursor.BlinkMsg) {
 id: (int) 0,
 tag: (int) 759
}
(cursor.BlinkMsg) {
 id: (int) 0,
 tag: (int) 760
}
(cursor.BlinkMsg) {
 id: (int) 0,
 tag: (int) 761
}
(cursor.BlinkMsg) {
 id: (int) 0,
 tag: (int) 762
}
(cursor.BlinkMsg) {
 id: (int) 0,
 tag: (int) 763
}
(cursor.BlinkMsg) {
 id: (int) 0,
 tag: (int) 764
}
(cursor.BlinkMsg) {
 id: (int) 0,
 tag: (int) 765
}
(cursor.BlinkMsg) {
 id: (int) 0,
 tag: (int) 766
}
(cursor.BlinkMsg) {
 id: (int) 0,
 tag: (int) 767
}
(cursor.BlinkMsg) {
 id: (int) 0,
 tag: (int) 768
}
(cursor.BlinkMsg) {
 id: (int) 0,
 tag: (int) 769
}
(cursor.BlinkMsg) {
 id: (int) 0,
 tag: (int) 770
}
(cursor.BlinkMsg) {
 id: (int) 0,
 tag: (int) 771
}
(cursor.BlinkMsg) {
 id: (int) 0,
 tag: (int) 772
}
(cursor.BlinkMsg) {
 id: (int) 0,
 tag: (int) 773
}
(cursor.BlinkMsg) {
 id: (int) 0,
 tag: (int) 774
}
(cursor.BlinkMsg) {
 id: (int) 0,
 tag: (int) 775
}
(cursor.BlinkMsg) {
 id: (int) 0,
 tag: (int) 776
}
(cursor.BlinkMsg) {
 id: (int) 0,
 tag: (int) 777
}
(cursor.BlinkMsg) {
 id: (int) 0,
 tag: (int) 778
}
(cursor.BlinkMsg) {
 id: (int) 0,
 tag: (int) 779
}
(cursor.BlinkMsg) {
 id: (int) 0,
 tag: (int) 780
}
(cursor.BlinkMsg) {
 id: (int) 0,
 tag: (int) 781
}
(cursor.BlinkMsg) {
 id: (int) 0,
 tag: (int) 782
}
(cursor.BlinkMsg) {
 id: (int) 0,
 tag: (int) 783
}
(cursor.BlinkMsg) {
 id: (int) 0,
 tag: (int) 784
}
(cursor.BlinkMsg) {
 id: (int) 0,
 tag: (int) 785
}
(cursor.BlinkMsg) {
 id: (int) 0,
 tag: (int) 786
}
(cursor.BlinkMsg) {
 id: (int) 0,
 tag: (int) 787
}
(cursor.BlinkMsg) {
 id: (int) 0,
 tag: (int) 788
}
(cursor.BlinkMsg) {
 id: (int) 0,
 tag: (int) 789
}
(cursor.BlinkMsg) {
 id: (int) 0,
 tag: (int) 790
}
(cursor.BlinkMsg) {
 id: (int) 0,
 tag: (int) 791
}
(cursor.BlinkMsg) {
 id: (int) 0,
 tag: (int) 792
}
(cursor.BlinkMsg) {
 id: (int) 0,
 tag: (int) 793
}
(cursor.BlinkMsg) {
 id: (int) 0,
 tag: (int) 794
}
(cursor.BlinkMsg) {
 id: (int) 0,
 tag: (int) 795
}
(cursor.BlinkMsg) {
 id: (int) 0,
 tag: (int) 796
}
(cursor.BlinkMsg) {
 id: (int) 0,
 tag: (int) 797
}
(cursor.BlinkMsg) {
 id: (int) 0,
 tag: (int) 798
}
(cursor.BlinkMsg) {
 id: (int) 0,
 tag: (int) 799
}
(cursor.BlinkMsg) {
 id: (int) 0,
 tag: (int) 800
}
(cursor.BlinkMsg) {
 id: (int) 0,
 tag: (int) 801
}
(cursor.BlinkMsg) {
 id: (int) 0,
 tag: (int) 802
}
(cursor.BlinkMsg) {
 id: (int) 0,
 tag: (int) 803
}
(cursor.BlinkMsg) {
 id: (int) 0,
 tag: (int) 804
}
(cursor.BlinkMsg) {
 id: (int) 0,
 tag: (int) 805
}
(cursor.BlinkMsg) {
 id: (int) 0,
 tag: (int) 806
}
(cursor.BlinkMsg) {
 id: (int) 0,
 tag: (int) 807
}
(cursor.BlinkMsg) {
 id: (int) 0,
 tag: (int) 808
}
(cursor.BlinkMsg) {
 id: (int) 0,
 tag: (int) 809
}
(cursor.BlinkMsg) {
 id: (int) 0,
 tag: (int) 810
}
(cursor.BlinkMsg) {
 id: (int) 0,
 tag: (int) 811
}
(cursor.BlinkMsg) {
 id: (int) 0,
 tag: (int) 812
}
(cursor.BlinkMsg) {
 id: (int) 0,
 tag: (int) 813
}
(cursor.BlinkMsg) {
 id: (int) 0,
 tag: (int) 814
}
(cursor.BlinkMsg) {
 id: (int) 0,
 tag: (int) 815
}
(cursor.BlinkMsg) {
 id: (int) 0,
 tag: (int) 816
}
(cursor.BlinkMsg) {
 id: (int) 0,
 tag: (int) 817
}
(cursor.BlinkMsg) {
 id: (int) 0,
 tag: (int) 818
}
(cursor.BlinkMsg) {
 id: (int) 0,
 tag: (int) 819
}
(cursor.BlinkMsg) {
 id: (int) 0,
 tag: (int) 820
}
(cursor.BlinkMsg) {
 id: (int) 0,
 tag: (int) 821
}
(cursor.BlinkMsg) {
 id: (int) 0,
 tag: (int) 822
}
(cursor.BlinkMsg) {
 id: (int) 0,
 tag: (int) 823
}
(cursor.BlinkMsg) {
 id: (int) 0,
 tag: (int) 824
}
(cursor.BlinkMsg) {
 id: (int) 0,
 tag: (int) 825
}
(cursor.BlinkMsg) {
 id: (int) 0,
 tag: (int) 826
}
(cursor.BlinkMsg) {
 id: (int) 0,
 tag: (int) 827
}
(cursor.BlinkMsg) {
 id: (int) 0,
 tag: (int) 828
}
(cursor.BlinkMsg) {
 id: (int) 0,
 tag: (int) 829
}
(cursor.BlinkMsg) {
 id: (int) 0,
 tag: (int) 830
}
(cursor.BlinkMsg) {
 id: (int) 0,
 tag: (int) 831
}
(cursor.BlinkMsg) {
 id: (int) 0,
 tag: (int) 832
}
(cursor.BlinkMsg) {
 id: (int) 0,
 tag: (int) 833
}
(cursor.BlinkMsg) {
 id: (int) 0,
 tag: (int) 834
}
(cursor.BlinkMsg) {
 id: (int) 0,
 tag: (int) 835
}
(cursor.BlinkMsg) {
 id: (int) 0,
 tag: (int) 836
}
(cursor.BlinkMsg) {
 id: (int) 0,
 tag: (int) 837
}
(cursor.BlinkMsg) {
 id: (int) 0,
 tag: (int) 838
}
(cursor.BlinkMsg) {
 id: (int) 0,
 tag: (int) 839
}
(cursor.BlinkMsg) {
 id: (int) 0,
 tag: (int) 840
}
(cursor.BlinkMsg) {
 id: (int) 0,
 tag: (int) 841
}
(cursor.BlinkMsg) {
 id: (int) 0,
 tag: (int) 842
}
(cursor.BlinkMsg) {
 id: (int) 0,
 tag: (int) 843
}
(cursor.BlinkMsg) {
 id: (int) 0,
 tag: (int) 844
}
(cursor.BlinkMsg) {
 id: (int) 0,
 tag: (int) 845
}
(cursor.BlinkMsg) {
 id: (int) 0,
 tag: (int) 846
}
(cursor.BlinkMsg) {
 id: (int) 0,
 tag: (int) 847
}
(cursor.BlinkMsg) {
 id: (int) 0,
 tag: (int) 848
}
(cursor.BlinkMsg) {
 id: (int) 0,
 tag: (int) 849
}
(cursor.BlinkMsg) {
 id: (int) 0,
 tag: (int) 850
}
(cursor.BlinkMsg) {
 id: (int) 0,
 tag: (int) 851
}
(cursor.BlinkMsg) {
 id: (int) 0,
 tag: (int) 852
}
(cursor.BlinkMsg) {
 id: (int) 0,
 tag: (int) 853
}
(cursor.BlinkMsg) {
 id: (int) 0,
 tag: (int) 854
}
(cursor.BlinkMsg) {
 id: (int) 0,
 tag: (int) 855
}
(cursor.BlinkMsg) {
 id: (int) 0,
 tag: (int) 856
}
(cursor.BlinkMsg) {
 id: (int) 0,
 tag: (int) 857
}
(cursor.BlinkMsg) {
 id: (int) 0,
 tag: (int) 858
}
(cursor.BlinkMsg) {
 id: (int) 0,
 tag: (int) 859
}
(cursor.BlinkMsg) {
 id: (int) 0,
 tag: (int) 860
}
(cursor.BlinkMsg) {
 id: (int) 0,
 tag: (int) 861
}
(cursor.BlinkMsg) {
 id: (int) 0,
 tag: (int) 862
}
(cursor.BlinkMsg) {
 id: (int) 0,
 tag: (int) 863
}
(cursor.BlinkMsg) {
 id: (int) 0,
 tag: (int) 864
}
(cursor.BlinkMsg) {
 id: (int) 0,
 tag: (int) 865
}
(cursor.